16:52:53.817 [main] INFO  - Login successful
17:15:21.367 [main] INFO  - Login successful
18:22:53.506 [main] ERROR - UsernameRequired
18:22:54.929 [main] ERROR - UsernameRequired
18:22:56.261 [main] ERROR - PasswordRequired
18:22:58.682 [main] INFO  - Login successful
18:23:01.369 [main] INFO  - Login successful
18:24:35.620 [main] ERROR - UsernameRequired
18:24:37.308 [main] ERROR - UsernameRequired
18:24:38.690 [main] ERROR - PasswordRequired
18:24:41.261 [main] INFO  - Login successful
18:29:14.649 [main] ERROR - All fields empty
18:29:16.174 [main] ERROR - Username Required
18:29:17.475 [main] ERROR - Password Required
18:29:19.628 [main] INFO  - Login successful
18:31:41.840 [main] ERROR - All fields empty
18:31:43.203 [main] ERROR - Username Required
18:31:44.536 [main] ERROR - Password Required
18:31:46.876 [main] INFO  - Login successful
18:32:33.160 [main] ERROR - Username Required
18:32:34.577 [main] ERROR - Username Required
18:32:36.011 [main] ERROR - Password Required
18:32:38.177 [main] INFO  - Login successful
18:33:51.677 [main] ERROR - Username Required
18:34:49.218 [main] ERROR - Username Required
18:35:53.385 [main] ERROR - Username Required
18:35:53.405 [main] ERROR - Password Required
18:44:19.395 [main] ERROR - Invalid credentials
19:04:21.301 [main] INFO  - Login successful
19:05:39.118 [main] ERROR - All fields empty
19:05:44.571 [main] ERROR - Username Required
19:05:49.942 [main] ERROR - Password Required
19:05:56.328 [main] ERROR - Invalid credentials
19:06:03.529 [main] INFO  - Login successful
19:08:06.262 [main] ERROR - All fields empty
19:08:10.675 [main] ERROR - Username Required
19:08:15.005 [main] ERROR - Password Required
19:08:20.257 [main] ERROR - Invalid credentials
19:08:26.070 [main] INFO  - Login successful
19:22:41.619 [main] ERROR - All fields empty
19:22:48.252 [main] ERROR - Username Required
19:22:54.885 [main] ERROR - Password Required
19:22:57.796 [main] ERROR - Invalid credentials
19:23:05.565 [main] INFO  - Login successful
10:16:00.109 [main] ERROR - All fields empty
10:16:04.608 [main] ERROR - Username Required
10:16:09.317 [main] ERROR - Password Required
10:16:14.564 [main] ERROR - Invalid credentials
10:16:20.054 [main] INFO  - Login successful
10:26:35.664 [main] ERROR - All fields empty
10:26:40.077 [main] ERROR - Username Required
10:26:44.459 [main] ERROR - Password Required
10:26:49.604 [main] ERROR - Invalid credentials
10:26:55.023 [main] INFO  - Login successful
11:03:45.802 [main] ERROR - no such window: target window already closed
from unknown error: web view not found
  (Session info: chrome=117.0.5938.134)
Build info: version: '4.13.0', revision: 'ba948ece5b*'
System info: os.name: 'Windows 11', os.arch: 'amd64', os.version: '10.0', java.version: '17.0.8'
Driver info: org.openqa.selenium.chrome.ChromeDriver
Command: [465e23fb84ef202013c2fcb4b3231d90, get {url=https://opensource-demo.orangehrmlive.com/web/index.php/auth/login}]
Capabilities {acceptInsecureCerts: false, browserName: chrome, browserVersion: 117.0.5938.134, chrome: {chromedriverVersion: 117.0.5938.149 (e3344ddefa1..., userDataDir: C:\Users\REJAN~1.BAJ\AppDat...}, fedcm:accounts: true, goog:chromeOptions: {debuggerAddress: localhost:53431}, networkConnectionEnabled: false, pageLoadStrategy: normal, platformName: windows, proxy: Proxy(), se:cdp: ws://localhost:53431/devtoo..., se:cdpVersion: 117.0.5938.134, setWindowRect: true, strictFileInteractability: false, timeouts: {implicit: 0, pageLoad: 300000, script: 30000}, unhandledPromptBehavior: dismiss and notify, webauthn:extension:credBlob: true, webauthn:extension:largeBlob: true, webauthn:extension:minPinLength: true, webauthn:extension:prf: true, webauthn:virtualAuthenticators: true}
Session ID: 465e23fb84ef202013c2fcb4b3231d90
11:04:21.628 [main] INFO  - Login successful
11:10:38.418 [main] INFO  - Login successful
11:12:10.980 [main] INFO  - Login successful
11:18:29.729 [main] INFO  - Login successful
11:19:54.331 [main] INFO  - Login successful
11:29:16.181 [main] INFO  - Login successful
11:31:50.851 [main] INFO  - Login successful
11:34:29.931 [main] INFO  - Login successful
12:02:37.456 [main] INFO  - Login successful
12:32:56.831 [main] INFO  - Login successful
12:47:27.490 [main] INFO  - Login successful
12:49:54.028 [main] INFO  - Login successful
12:51:41.678 [main] INFO  - Login successful
13:01:34.977 [main] INFO  - Login successful
13:24:19.952 [main] INFO  - Login successful
13:31:40.288 [main] ERROR - All fields empty
13:31:45.217 [main] ERROR - Username Required
13:31:50.076 [main] ERROR - Password Required
13:31:55.840 [main] ERROR - Invalid credentials
13:32:02.141 [main] INFO  - Login successful
13:41:06.896 [main] ERROR - Error communicating with the remote browser. It may have died.
Build info: version: '4.13.0', revision: 'ba948ece5b*'
System info: os.name: 'Windows 11', os.arch: 'amd64', os.version: '10.0', java.version: '17.0.8'
Driver info: org.openqa.selenium.chrome.ChromeDriver
Command: [a0b39d860497d668ce98c3e46b4003fa, get [url]]
Capabilities {acceptInsecureCerts: false, browserName: chrome, browserVersion: 117.0.5938.134, chrome: {chromedriverVersion: 117.0.5938.149 (e3344ddefa1..., userDataDir: C:\Users\REJAN~1.BAJ\AppDat...}, fedcm:accounts: true, goog:chromeOptions: {debuggerAddress: localhost:62797}, networkConnectionEnabled: false, pageLoadStrategy: normal, platformName: windows, proxy: Proxy(), se:cdp: ws://localhost:62797/devtoo..., se:cdpVersion: 117.0.5938.134, setWindowRect: true, strictFileInteractability: false, timeouts: {implicit: 0, pageLoad: 300000, script: 30000}, unhandledPromptBehavior: dismiss and notify, webauthn:extension:credBlob: true, webauthn:extension:largeBlob: true, webauthn:extension:minPinLength: true, webauthn:extension:prf: true, webauthn:virtualAuthenticators: true}
Session ID: a0b39d860497d668ce98c3e46b4003fa
13:41:06.947 [main] ERROR - Error communicating with the remote browser. It may have died.
Build info: version: '4.13.0', revision: 'ba948ece5b*'
System info: os.name: 'Windows 11', os.arch: 'amd64', os.version: '10.0', java.version: '17.0.8'
Driver info: org.openqa.selenium.chrome.ChromeDriver
Command: [a0b39d860497d668ce98c3e46b4003fa, get [url]]
Capabilities {acceptInsecureCerts: false, browserName: chrome, browserVersion: 117.0.5938.134, chrome: {chromedriverVersion: 117.0.5938.149 (e3344ddefa1..., userDataDir: C:\Users\REJAN~1.BAJ\AppDat...}, fedcm:accounts: true, goog:chromeOptions: {debuggerAddress: localhost:62797}, networkConnectionEnabled: false, pageLoadStrategy: normal, platformName: windows, proxy: Proxy(), se:cdp: ws://localhost:62797/devtoo..., se:cdpVersion: 117.0.5938.134, setWindowRect: true, strictFileInteractability: false, timeouts: {implicit: 0, pageLoad: 300000, script: 30000}, unhandledPromptBehavior: dismiss and notify, webauthn:extension:credBlob: true, webauthn:extension:largeBlob: true, webauthn:extension:minPinLength: true, webauthn:extension:prf: true, webauthn:virtualAuthenticators: true}
Session ID: a0b39d860497d668ce98c3e46b4003fa
13:41:06.968 [main] ERROR - Error communicating with the remote browser. It may have died.
Build info: version: '4.13.0', revision: 'ba948ece5b*'
System info: os.name: 'Windows 11', os.arch: 'amd64', os.version: '10.0', java.version: '17.0.8'
Driver info: org.openqa.selenium.chrome.ChromeDriver
Command: [a0b39d860497d668ce98c3e46b4003fa, get [url]]
Capabilities {acceptInsecureCerts: false, browserName: chrome, browserVersion: 117.0.5938.134, chrome: {chromedriverVersion: 117.0.5938.149 (e3344ddefa1..., userDataDir: C:\Users\REJAN~1.BAJ\AppDat...}, fedcm:accounts: true, goog:chromeOptions: {debuggerAddress: localhost:62797}, networkConnectionEnabled: false, pageLoadStrategy: normal, platformName: windows, proxy: Proxy(), se:cdp: ws://localhost:62797/devtoo..., se:cdpVersion: 117.0.5938.134, setWindowRect: true, strictFileInteractability: false, timeouts: {implicit: 0, pageLoad: 300000, script: 30000}, unhandledPromptBehavior: dismiss and notify, webauthn:extension:credBlob: true, webauthn:extension:largeBlob: true, webauthn:extension:minPinLength: true, webauthn:extension:prf: true, webauthn:virtualAuthenticators: true}
Session ID: a0b39d860497d668ce98c3e46b4003fa
13:41:06.997 [main] ERROR - Error communicating with the remote browser. It may have died.
Build info: version: '4.13.0', revision: 'ba948ece5b*'
System info: os.name: 'Windows 11', os.arch: 'amd64', os.version: '10.0', java.version: '17.0.8'
Driver info: org.openqa.selenium.chrome.ChromeDriver
Command: [a0b39d860497d668ce98c3e46b4003fa, get [url]]
Capabilities {acceptInsecureCerts: false, browserName: chrome, browserVersion: 117.0.5938.134, chrome: {chromedriverVersion: 117.0.5938.149 (e3344ddefa1..., userDataDir: C:\Users\REJAN~1.BAJ\AppDat...}, fedcm:accounts: true, goog:chromeOptions: {debuggerAddress: localhost:62797}, networkConnectionEnabled: false, pageLoadStrategy: normal, platformName: windows, proxy: Proxy(), se:cdp: ws://localhost:62797/devtoo..., se:cdpVersion: 117.0.5938.134, setWindowRect: true, strictFileInteractability: false, timeouts: {implicit: 0, pageLoad: 300000, script: 30000}, unhandledPromptBehavior: dismiss and notify, webauthn:extension:credBlob: true, webauthn:extension:largeBlob: true, webauthn:extension:minPinLength: true, webauthn:extension:prf: true, webauthn:virtualAuthenticators: true}
Session ID: a0b39d860497d668ce98c3e46b4003fa
13:41:07.023 [main] ERROR - Error communicating with the remote browser. It may have died.
Build info: version: '4.13.0', revision: 'ba948ece5b*'
System info: os.name: 'Windows 11', os.arch: 'amd64', os.version: '10.0', java.version: '17.0.8'
Driver info: org.openqa.selenium.chrome.ChromeDriver
Command: [a0b39d860497d668ce98c3e46b4003fa, get [url]]
Capabilities {acceptInsecureCerts: false, browserName: chrome, browserVersion: 117.0.5938.134, chrome: {chromedriverVersion: 117.0.5938.149 (e3344ddefa1..., userDataDir: C:\Users\REJAN~1.BAJ\AppDat...}, fedcm:accounts: true, goog:chromeOptions: {debuggerAddress: localhost:62797}, networkConnectionEnabled: false, pageLoadStrategy: normal, platformName: windows, proxy: Proxy(), se:cdp: ws://localhost:62797/devtoo..., se:cdpVersion: 117.0.5938.134, setWindowRect: true, strictFileInteractability: false, timeouts: {implicit: 0, pageLoad: 300000, script: 30000}, unhandledPromptBehavior: dismiss and notify, webauthn:extension:credBlob: true, webauthn:extension:largeBlob: true, webauthn:extension:minPinLength: true, webauthn:extension:prf: true, webauthn:virtualAuthenticators: true}
Session ID: a0b39d860497d668ce98c3e46b4003fa
13:41:41.946 [main] INFO  - Login successful
13:42:35.496 [main] INFO  - Login successful
13:43:23.034 [main] INFO  - Login successful
14:55:32.017 [main] INFO  - Login successful
15:11:19.956 [main] INFO  - Login successful
15:13:31.989 [main] INFO  - Login successful
15:22:13.411 [main] INFO  - Login successful
15:22:56.052 [main] INFO  - Login successful
15:24:14.394 [main] INFO  - Login successful
15:28:53.982 [main] INFO  - Login successful
15:31:18.735 [main] INFO  - Login successful
15:37:25.832 [main] INFO  - Login successful
15:45:50.857 [main] INFO  - Login successful
15:55:02.401 [main] INFO  - Login successful
16:10:31.587 [main] INFO  - Login successful
16:14:27.395 [main] INFO  - Login successful
16:32:26.224 [main] INFO  - Login successful
16:36:15.669 [main] INFO  - Login successful
16:46:51.474 [main] INFO  - Login successful
16:56:25.137 [main] INFO  - Login successful
16:57:37.691 [main] INFO  - Login successful
16:58:35.823 [main] INFO  - Login successful
17:14:06.488 [main] INFO  - Login successful
17:27:59.826 [main] INFO  - Login successful
17:29:08.875 [main] INFO  - Login successful
17:30:47.008 [main] INFO  - Login successful
17:44:24.118 [main] INFO  - Login successful
17:46:18.023 [main] INFO  - Login successful
17:47:21.921 [main] INFO  - Login successful
18:26:21.070 [main] INFO  - Login successful
18:27:29.422 [main] INFO  - Login successful
18:42:30.745 [main] INFO  - Login successful
18:44:50.792 [main] INFO  - Login successful
18:57:27.883 [main] INFO  - Login successful
19:00:17.095 [main] INFO  - Login successful
19:00:31.113 [main] INFO  - Add user success.
19:01:42.733 [main] ERROR - no such window: target window already closed
from unknown error: web view not found
  (Session info: chrome=117.0.5938.134)
Build info: version: '4.13.0', revision: 'ba948ece5b*'
System info: os.name: 'Windows 11', os.arch: 'amd64', os.version: '10.0', java.version: '17.0.8'
Driver info: org.openqa.selenium.chrome.ChromeDriver
Command: [be8873d8237651392a0aa597925efe15, maximizeCurrentWindow {}]
Capabilities {acceptInsecureCerts: false, browserName: chrome, browserVersion: 117.0.5938.134, chrome: {chromedriverVersion: 117.0.5938.149 (e3344ddefa1..., userDataDir: C:\Users\REJAN~1.BAJ\AppDat...}, fedcm:accounts: true, goog:chromeOptions: {debuggerAddress: localhost:53624}, networkConnectionEnabled: false, pageLoadStrategy: normal, platformName: windows, proxy: Proxy(), se:cdp: ws://localhost:53624/devtoo..., se:cdpVersion: 117.0.5938.134, setWindowRect: true, strictFileInteractability: false, timeouts: {implicit: 0, pageLoad: 300000, script: 30000}, unhandledPromptBehavior: dismiss and notify, webauthn:extension:credBlob: true, webauthn:extension:largeBlob: true, webauthn:extension:minPinLength: true, webauthn:extension:prf: true, webauthn:virtualAuthenticators: true}
Session ID: be8873d8237651392a0aa597925efe15
19:01:42.799 [main] ERROR - no such window: target window already closed
from unknown error: web view not found
  (Session info: chrome=117.0.5938.134)
Build info: version: '4.13.0', revision: 'ba948ece5b*'
System info: os.name: 'Windows 11', os.arch: 'amd64', os.version: '10.0', java.version: '17.0.8'
Driver info: org.openqa.selenium.chrome.ChromeDriver
Command: [be8873d8237651392a0aa597925efe15, get {url=https://opensource-demo.orangehrmlive.com/web/index.php/auth/login}]
Capabilities {acceptInsecureCerts: false, browserName: chrome, browserVersion: 117.0.5938.134, chrome: {chromedriverVersion: 117.0.5938.149 (e3344ddefa1..., userDataDir: C:\Users\REJAN~1.BAJ\AppDat...}, fedcm:accounts: true, goog:chromeOptions: {debuggerAddress: localhost:53624}, networkConnectionEnabled: false, pageLoadStrategy: normal, platformName: windows, proxy: Proxy(), se:cdp: ws://localhost:53624/devtoo..., se:cdpVersion: 117.0.5938.134, setWindowRect: true, strictFileInteractability: false, timeouts: {implicit: 0, pageLoad: 300000, script: 30000}, unhandledPromptBehavior: dismiss and notify, webauthn:extension:credBlob: true, webauthn:extension:largeBlob: true, webauthn:extension:minPinLength: true, webauthn:extension:prf: true, webauthn:virtualAuthenticators: true}
Session ID: be8873d8237651392a0aa597925efe15
19:02:34.492 [main] INFO  - Login successful
19:02:47.910 [main] INFO  - Add user cancel success
19:02:59.127 [main] ERROR - Already exists
22:18:20.098 [main] INFO  - Login successful
22:18:31.919 [main] INFO  - Add user cancel success
22:22:49.041 [main] INFO  - Login successful
22:24:25.043 [main] ERROR - Invalid
22:24:25.076 [main] ERROR - Already exists
22:25:38.795 [main] INFO  - Login successful
22:26:22.543 [main] INFO  - Add user cancel success
22:26:54.837 [main] ERROR - Invalid
22:26:54.874 [main] ERROR - Already exists
22:29:46.785 [main] INFO  - Login successful
22:29:55.970 [main] INFO  - Add user cancel success
22:30:02.528 [main] ERROR - Invalid
22:30:02.553 [main] ERROR - Should be at least 5 characters
22:31:38.598 [main] INFO  - Login successful
22:31:52.648 [main] INFO  - Add user cancel success
22:32:03.929 [main] ERROR - Invalid
22:32:03.949 [main] ERROR - Already exists
22:43:16.515 [main] INFO  - Login successful
22:43:27.397 [main] INFO  - Add user cancel success
22:43:35.025 [main] ERROR - Invalid
22:43:35.040 [main] ERROR - Already exists
22:50:32.309 [main] INFO  - Login successful
22:50:42.298 [main] INFO  - Add user cancel success
22:50:50.580 [main] ERROR - Invalid
22:51:40.351 [main] INFO  - Login successful
22:53:57.047 [main] INFO  - Login successful
22:54:08.151 [main] INFO  - Add user cancel success
22:54:16.852 [main] INFO  - Add user success.
22:59:16.780 [main] INFO  - Login successful
23:01:46.209 [main] INFO  - Login successful
23:01:57.226 [main] INFO  - Add user cancel success
23:02:06.281 [main] ERROR - Should be at least 5 characters
23:21:37.636 [main] ERROR - All fields empty
23:21:42.590 [main] ERROR - Username Required
23:21:47.472 [main] ERROR - Password Required
23:21:52.768 [main] ERROR - Invalid credentials
23:21:58.979 [main] INFO  - Login successful
23:22:10.749 [main] INFO  - Add user cancel success
23:22:19.608 [main] ERROR - Should be at least 5 characters
23:42:35.813 [main] ERROR - All fields empty
23:42:39.215 [main] ERROR - Password Required
23:42:43.914 [main] INFO  - Login successful
23:42:58.430 [main] INFO  - Add user cancel success
23:43:06.015 [main] ERROR - Should be at least 5 characters
23:44:09.426 [main] ERROR - All fields empty
23:44:12.876 [main] ERROR - Password Required
23:44:17.501 [main] INFO  - Login successful
23:46:03.108 [main] ERROR - All fields empty
23:46:07.664 [main] ERROR - Username Required
23:46:12.336 [main] ERROR - Password Required
23:46:17.586 [main] ERROR - Invalid credentials
23:46:23.142 [main] INFO  - Login successful
23:46:32.915 [main] INFO  - Add user cancel success
23:46:40.455 [main] ERROR - Should be at least 5 characters
00:04:35.869 [main] ERROR - All fields empty
00:04:40.360 [main] ERROR - Username Required
00:04:44.743 [main] ERROR - Password Required
00:04:49.858 [main] ERROR - Invalid credentials
00:04:55.379 [main] INFO  - Login successful
00:05:04.223 [main] ERROR - Invalid
00:05:04.240 [main] ERROR - Should be at least 5 characters
00:06:46.520 [main] INFO  - Login successful
00:06:55.256 [main] ERROR - Should be at least 5 characters
00:58:07.953 [main] INFO  - Login successful
00:58:43.877 [main] INFO  - Login successful
00:59:54.808 [main] INFO  - Login successful
01:07:55.818 [main] INFO  - Login successful
01:09:19.633 [main] INFO  - Login successful
01:11:38.497 [main] INFO  - Login successful
01:12:35.704 [main] INFO  - Login successful
01:12:45.013 [main] INFO  - Add user cancel success
01:12:52.311 [main] ERROR - Should be at least 5 characters
01:17:24.093 [main] INFO  - Login successful
01:17:33.211 [main] INFO  - Add user cancel success
01:17:40.581 [main] ERROR - Should be at least 5 characters
01:17:47.104 [main] INFO  - Total items in a list: 44
01:21:00.031 [main] INFO  - Login successful
01:21:09.334 [main] INFO  - Add user cancel success
01:21:17.040 [main] ERROR - Should be at least 5 characters
01:21:23.530 [main] INFO  - Total items in a list: 45
01:21:24.315 [main] INFO  - Total items in a list: 1
01:21:24.378 [main] INFO  - Reset success
01:22:43.911 [main] INFO  - Login successful
01:23:14.334 [main] ERROR - Should be at least 5 characters
01:23:49.298 [main] INFO  - Login successful
01:23:57.294 [main] INFO  - Add user cancel success
01:24:04.639 [main] ERROR - Should be at least 5 characters
01:27:35.519 [main] INFO  - Login successful
01:27:44.609 [main] INFO  - Add user cancel success
01:27:56.429 [main] ERROR - Should be at least 5 characters
01:28:03.325 [main] ERROR - Should be at least 5 characters
01:28:09.954 [main] INFO  - Total items in a list: 46
01:28:10.717 [main] INFO  - Total items in a list: 1
01:33:19.935 [main] INFO  - Login successful
01:33:29.127 [main] INFO  - Add user cancel success
01:33:51.475 [main] ERROR - Should be at least 5 characters
01:33:58.223 [main] ERROR - Should be at least 5 characters
01:35:53.444 [main] ERROR - no such window: target window already closed
from unknown error: web view not found
  (Session info: chrome=117.0.5938.134)
Build info: version: '4.13.0', revision: 'ba948ece5b*'
System info: os.name: 'Windows 11', os.arch: 'amd64', os.version: '10.0', java.version: '17.0.8'
Driver info: org.openqa.selenium.chrome.ChromeDriver
Command: [606b50d6b38db4218246338f6c82ebfc, maximizeCurrentWindow {}]
Capabilities {acceptInsecureCerts: false, browserName: chrome, browserVersion: 117.0.5938.134, chrome: {chromedriverVersion: 117.0.5938.149 (e3344ddefa1..., userDataDir: C:\Users\REJAN~1.BAJ\AppDat...}, fedcm:accounts: true, goog:chromeOptions: {debuggerAddress: localhost:54061}, networkConnectionEnabled: false, pageLoadStrategy: normal, platformName: windows, proxy: Proxy(), se:cdp: ws://localhost:54061/devtoo..., se:cdpVersion: 117.0.5938.134, setWindowRect: true, strictFileInteractability: false, timeouts: {implicit: 0, pageLoad: 300000, script: 30000}, unhandledPromptBehavior: dismiss and notify, webauthn:extension:credBlob: true, webauthn:extension:largeBlob: true, webauthn:extension:minPinLength: true, webauthn:extension:prf: true, webauthn:virtualAuthenticators: true}
Session ID: 606b50d6b38db4218246338f6c82ebfc
01:35:53.516 [main] ERROR - no such window: target window already closed
from unknown error: web view not found
  (Session info: chrome=117.0.5938.134)
Build info: version: '4.13.0', revision: 'ba948ece5b*'
System info: os.name: 'Windows 11', os.arch: 'amd64', os.version: '10.0', java.version: '17.0.8'
Driver info: org.openqa.selenium.chrome.ChromeDriver
Command: [606b50d6b38db4218246338f6c82ebfc, get {url=https://opensource-demo.orangehrmlive.com/web/index.php/auth/login}]
Capabilities {acceptInsecureCerts: false, browserName: chrome, browserVersion: 117.0.5938.134, chrome: {chromedriverVersion: 117.0.5938.149 (e3344ddefa1..., userDataDir: C:\Users\REJAN~1.BAJ\AppDat...}, fedcm:accounts: true, goog:chromeOptions: {debuggerAddress: localhost:54061}, networkConnectionEnabled: false, pageLoadStrategy: normal, platformName: windows, proxy: Proxy(), se:cdp: ws://localhost:54061/devtoo..., se:cdpVersion: 117.0.5938.134, setWindowRect: true, strictFileInteractability: false, timeouts: {implicit: 0, pageLoad: 300000, script: 30000}, unhandledPromptBehavior: dismiss and notify, webauthn:extension:credBlob: true, webauthn:extension:largeBlob: true, webauthn:extension:minPinLength: true, webauthn:extension:prf: true, webauthn:virtualAuthenticators: true}
Session ID: 606b50d6b38db4218246338f6c82ebfc
01:39:57.786 [main] INFO  - Login successful
01:40:07.014 [main] INFO  - Add user cancel success
01:40:27.384 [main] INFO  - Total items in a list: 46
01:40:31.279 [main] INFO  - Total items in a list: 1
01:40:49.464 [main] INFO  - Reset success
01:42:37.742 [main] INFO  - Login successful
01:42:44.202 [main] INFO  - Total items in a list: 47
01:42:48.828 [main] INFO  - Total items in a list: 1
01:43:07.491 [main] INFO  - Reset success
01:48:31.330 [main] INFO  - Login successful
01:48:36.349 [main] ERROR - No records found
01:48:39.916 [main] ERROR - No records found
01:48:43.515 [main] ERROR - No records found
01:48:46.848 [main] ERROR - No records found. Reset failed!
01:51:55.097 [main] INFO  - Login successful
01:52:00.143 [main] ERROR - No records found
01:52:03.742 [main] ERROR - No records found
01:52:07.325 [main] ERROR - No records found
01:52:10.758 [main] ERROR - No records found. Reset failed!
01:54:27.811 [main] INFO  - Login successful
01:54:32.679 [main] ERROR - Reset failed!
01:58:48.784 [main] INFO  - Login successful
01:58:54.302 [main] INFO  - Reset success
02:00:40.681 [main] INFO  - Login successful
02:00:50.075 [main] INFO  - Add user cancel success
02:00:57.312 [main] ERROR - Should be at least 5 characters
02:01:01.201 [main] INFO  - Total items in a list: 48
02:01:05.409 [main] INFO  - Total items in a list: 1
02:01:09.451 [main] ERROR - No records found
02:01:13.309 [main] INFO  - Reset success
02:06:13.211 [main] INFO  - Login successful
02:06:22.940 [main] INFO  - Add user success.
02:06:26.929 [main] INFO  - Total items in a list: 48
02:06:30.828 [main] INFO  - Total items in a list: 1
02:06:34.234 [main] INFO  - Total items in a list: 48
02:06:38.014 [main] INFO  - Reset success
02:08:32.352 [main] INFO  - Login successful
02:08:45.045 [main] INFO  - Add user success.
02:08:49.008 [main] INFO  - Total items in a list: 48
02:08:52.782 [main] INFO  - Total items in a list: 1
02:08:56.678 [main] ERROR - No records found
02:09:00.423 [main] INFO  - Reset success
02:10:50.858 [main] INFO  - Login successful
02:10:55.852 [main] INFO  - Add user cancel success
02:11:03.818 [main] INFO  - Add user success.
02:11:07.879 [main] INFO  - Total items in a list: 48
02:11:11.775 [main] INFO  - Total items in a list: 1
02:11:15.682 [main] ERROR - No records found
02:11:19.378 [main] INFO  - Reset success
03:42:54.085 [main] INFO  - Login successful
03:43:06.048 [main] INFO  - Add user cancel success
03:43:29.170 [main] INFO  - Total items in a list: 9
03:43:33.930 [main] INFO  - Total items in a list: 9
03:43:39.074 [main] ERROR - No records found
03:43:44.371 [main] INFO  - Reset success
10:22:11.909 [main] INFO  - Login successful
10:22:18.230 [main] INFO  - Total items for role  in a list 42
10:22:22.391 [main] INFO  - Total items for role Enabled in a list 42
10:22:26.601 [main] INFO  - Total items for role Disabled in a list 42
10:28:56.340 [main] INFO  - Login successful
10:29:02.521 [main] INFO  - Total items for role Empty role in a list 42
10:29:06.912 [main] INFO  - Total items for role Admin in a list 42
10:29:11.066 [main] INFO  - Total items for role ESS in a list 42
10:29:15.565 [main] INFO  - Total items for role  in a list 42
10:29:19.702 [main] INFO  - Total items for role Enabled in a list 42
10:29:24.221 [main] INFO  - Total items for role Disabled in a list 42
10:32:24.833 [main] INFO  - Login successful
10:32:30.965 [main] INFO  - Total items for  All role in a list 7
10:32:35.246 [main] INFO  - Total items for  Admin role in a list 7
10:32:39.214 [main] INFO  - Total items for  ESS role in a list 7
10:32:43.459 [main] INFO  - Total items for  All status in a list 42
10:32:47.382 [main] INFO  - Total items for  Enabled status in a list 42
10:32:51.276 [main] INFO  - Total items for  Disabled status in a list 42
10:34:56.612 [main] ERROR - no such window: target window already closed
from unknown error: web view not found
  (Session info: chrome=117.0.5938.150)
Build info: version: '4.13.0', revision: 'ba948ece5b*'
System info: os.name: 'Windows 11', os.arch: 'amd64', os.version: '10.0', java.version: '17.0.8'
Driver info: org.openqa.selenium.chrome.ChromeDriver
Command: [b8b133f897fe9eb3b8b040a8effe99c1, maximizeCurrentWindow {}]
Capabilities {acceptInsecureCerts: false, browserName: chrome, browserVersion: 117.0.5938.150, chrome: {chromedriverVersion: 117.0.5938.149 (e3344ddefa1..., userDataDir: C:\Users\REJAN~1.BAJ\AppDat...}, fedcm:accounts: true, goog:chromeOptions: {debuggerAddress: localhost:54984}, networkConnectionEnabled: false, pageLoadStrategy: normal, platformName: windows, proxy: Proxy(), se:cdp: ws://localhost:54984/devtoo..., se:cdpVersion: 117.0.5938.150, setWindowRect: true, strictFileInteractability: false, timeouts: {implicit: 0, pageLoad: 300000, script: 30000}, unhandledPromptBehavior: dismiss and notify, webauthn:extension:credBlob: true, webauthn:extension:largeBlob: true, webauthn:extension:minPinLength: true, webauthn:extension:prf: true, webauthn:virtualAuthenticators: true}
Session ID: b8b133f897fe9eb3b8b040a8effe99c1
10:34:56.683 [main] ERROR - no such window: target window already closed
from unknown error: web view not found
  (Session info: chrome=117.0.5938.150)
Build info: version: '4.13.0', revision: 'ba948ece5b*'
System info: os.name: 'Windows 11', os.arch: 'amd64', os.version: '10.0', java.version: '17.0.8'
Driver info: org.openqa.selenium.chrome.ChromeDriver
Command: [b8b133f897fe9eb3b8b040a8effe99c1, get {url=https://opensource-demo.orangehrmlive.com/web/index.php/auth/login}]
Capabilities {acceptInsecureCerts: false, browserName: chrome, browserVersion: 117.0.5938.150, chrome: {chromedriverVersion: 117.0.5938.149 (e3344ddefa1..., userDataDir: C:\Users\REJAN~1.BAJ\AppDat...}, fedcm:accounts: true, goog:chromeOptions: {debuggerAddress: localhost:54984}, networkConnectionEnabled: false, pageLoadStrategy: normal, platformName: windows, proxy: Proxy(), se:cdp: ws://localhost:54984/devtoo..., se:cdpVersion: 117.0.5938.150, setWindowRect: true, strictFileInteractability: false, timeouts: {implicit: 0, pageLoad: 300000, script: 30000}, unhandledPromptBehavior: dismiss and notify, webauthn:extension:credBlob: true, webauthn:extension:largeBlob: true, webauthn:extension:minPinLength: true, webauthn:extension:prf: true, webauthn:virtualAuthenticators: true}
Session ID: b8b133f897fe9eb3b8b040a8effe99c1
10:36:54.150 [main] INFO  - Login successful
10:37:04.082 [main] INFO  - Total items for  Admin role in a list 42
10:37:08.411 [main] INFO  - Total items for  ESS role in a list 35
10:37:16.409 [main] INFO  - Total items for  Enabled status in a list 42
10:37:20.326 [main] ERROR - No records found
10:41:46.457 [main] INFO  - Login successful
10:41:56.320 [main] INFO  - Total items for  Admin role in a list 7
10:42:00.393 [main] INFO  - Total items for  ESS role in a list 36
10:42:08.220 [main] INFO  - Total items for  Enabled status in a list 43
10:42:12.120 [main] ERROR - No records found
10:45:38.042 [main] INFO  - Login successful
10:45:48.528 [main] INFO  - Total items for  Admin role in a list 7
10:45:52.525 [main] INFO  - Total items for  ESS role in a list 29
10:45:59.810 [main] INFO  - Total items for  Enabled status in a list 36
10:46:03.899 [main] ERROR - No records found
10:50:28.486 [main] INFO  - Login successful
10:50:38.626 [main] INFO  - Total items for  Admin role in a list 2
10:50:43.053 [main] ERROR - No records found
10:50:50.866 [main] INFO  - Total items for  Enabled status in a list 2
10:50:55.218 [main] ERROR - No records found
10:52:07.192 [main] INFO  - Login successful
10:52:17.029 [main] INFO  - Total items for  Admin role in a list 2
10:52:21.367 [main] ERROR - No records found
10:52:28.695 [main] INFO  - Total items for  Enabled status in a list 2
10:52:32.765 [main] ERROR - No records found
11:04:58.002 [main] INFO  - Login successful
11:05:04.296 [main] INFO  - ****************** Showing records for %s **********************
11:05:04.296 [main] INFO  - Total items in a list 2
11:05:08.395 [main] INFO  - ****************** Showing records for %s **********************
11:05:08.395 [main] INFO  - Total items in a list 13
11:05:13.233 [main] INFO  - ****************** Showing records for %s **********************
11:05:13.233 [main] INFO  - Total items  in a list 2
11:05:17.616 [main] INFO  - ****************** Showing records for %s **********************
11:05:17.616 [main] INFO  - Total items  in a list 12
11:07:59.396 [main] INFO  - Login successful
11:08:06.142 [main] INFO  - ****************** Showing records for Admin **********************
11:08:06.143 [main] INFO  - Total items in a list 2
11:08:10.774 [main] INFO  - ****************** Showing records for ESS **********************
11:08:10.775 [main] INFO  - Total items in a list 10
11:08:15.098 [main] INFO  - ****************** Showing records for Enabled **********************
11:08:15.099 [main] INFO  - Total items  in a list 2
11:08:19.463 [main] INFO  - ****************** Showing records for Disabled **********************
11:08:19.463 [main] INFO  - Total items  in a list 10
11:08:24.045 [main] INFO  - ********** Showing records for admin:Admin:Enabled ***************
11:08:24.045 [main] INFO  - Total items in a list 1
11:08:28.683 [main] INFO  - ********** Showing records for user307:ESS:Disabled ***************
11:08:28.683 [main] INFO  - Total items in a list 1
11:10:03.243 [main] INFO  - Login successful
11:10:08.693 [main] INFO  - Add user cancel success
11:10:17.309 [main] ERROR - Invalid
11:10:21.621 [main] INFO  - Total items in a list: 12
11:10:25.458 [main] ERROR - No records found
11:10:29.358 [main] ERROR - No records found
11:10:37.666 [main] INFO  - Reset success
11:10:44.284 [main] INFO  - ****************** Showing records for Admin **********************
11:10:44.284 [main] INFO  - Total items in a list 2
11:10:48.415 [main] INFO  - ****************** Showing records for ESS **********************
11:10:48.415 [main] INFO  - Total items in a list 10
11:10:52.615 [main] INFO  - ****************** Showing records for Enabled **********************
11:10:52.615 [main] INFO  - Total items  in a list 12
11:10:56.797 [main] INFO  - ****************** Showing records for Disabled **********************
11:10:56.798 [main] INFO  - Total items  in a list 10
11:11:01.244 [main] INFO  - ********** Showing records for admin:Admin:Enabled ***************
11:11:01.244 [main] INFO  - Total items in a list 1
11:11:05.697 [main] INFO  - ********** Showing records for user307:ESS:Disabled ***************
11:11:05.697 [main] INFO  - Total items in a list 1
11:13:40.530 [main] INFO  - Login successful
11:13:48.109 [main] INFO  - Add user cancel success
11:15:10.135 [main] INFO  - Login successful
11:15:21.916 [main] INFO  - Add user cancel success
11:40:16.367 [main] INFO  - Login successful
11:40:23.990 [main] INFO  - Add user cancel success
11:40:32.840 [main] ERROR - Invalid
11:40:37.235 [main] INFO  - Total items in a list: 19
11:40:41.337 [main] ERROR - No records found
11:40:45.652 [main] ERROR - No records found
11:40:49.766 [main] INFO  - Reset success
11:40:54.084 [main] INFO  - ****************** Showing records for Admin **********************
11:40:54.084 [main] INFO  - Total items in a list 6
11:40:58.633 [main] INFO  - ****************** Showing records for ESS **********************
11:40:58.633 [main] INFO  - Total items in a list 16
11:41:03.184 [main] INFO  - ****************** Showing records for Enabled **********************
11:41:03.184 [main] INFO  - Total items  in a list 15
11:41:07.764 [main] INFO  - ****************** Showing records for Disabled **********************
11:41:07.764 [main] INFO  - Total items  in a list 3
11:41:12.396 [main] INFO  - ********** Showing records for admin:Admin:Enabled ***************
11:41:12.396 [main] INFO  - Total items in a list 1
11:41:17.106 [main] ERROR - No records found
11:55:10.896 [main] INFO  - Login successful
11:55:32.019 [main] ERROR - No records found
11:58:51.417 [main] INFO  - Login successful
11:58:58.081 [main] ERROR - No records found
11:59:02.317 [main] ERROR - No records found
12:00:50.563 [main] INFO  - Login successful
12:00:58.100 [main] ERROR - No records found
12:32:22.549 [main] INFO  - Login successful
12:32:29.003 [main] ERROR - No records found
12:32:38.134 [main] INFO  - Delete user success
12:34:50.139 [main] INFO  - Login successful
12:34:56.673 [main] ERROR - No records found
12:35:00.935 [main] ERROR - No records found
12:35:59.014 [main] INFO  - Login successful
12:36:05.581 [main] ERROR - No records found
12:36:10.163 [main] INFO  - Close Modal
12:36:10.892 [main] INFO  - Cancel Delete User
12:37:18.609 [main] INFO  - Login successful
12:37:24.984 [main] ERROR - No records found
12:37:29.422 [main] INFO  - Close Modal
12:37:32.136 [main] INFO  - Cancel Delete User
12:38:26.035 [main] INFO  - Login successful
12:38:32.356 [main] ERROR - No records found
12:38:36.764 [main] ERROR - No records found
12:39:37.172 [main] INFO  - Login successful
12:39:43.778 [main] ERROR - No records found
12:39:48.524 [main] INFO  - Close Modal
12:40:41.973 [main] INFO  - Login successful
12:40:48.512 [main] ERROR - No records found
12:40:52.881 [main] INFO  - Cancel Delete User
12:40:56.770 [main] INFO  - Delete user success
12:46:19.477 [main] INFO  - Login successful
12:46:27.663 [main] INFO  - Add user cancel success
12:46:36.926 [main] INFO  - Add user success.
12:46:41.587 [main] INFO  - Total items in a list: 38
12:46:46.170 [main] ERROR - No records found
12:46:50.436 [main] ERROR - No records found
12:46:54.815 [main] INFO  - Reset success
12:46:59.030 [main] INFO  - ****************** Showing records for Admin **********************
12:46:59.030 [main] INFO  - Total items in a list 38
12:47:03.616 [main] INFO  - ****************** Showing records for ESS **********************
12:47:03.616 [main] INFO  - Total items in a list 30
12:47:08.256 [main] INFO  - ****************** Showing records for Enabled **********************
12:47:08.256 [main] INFO  - Total items  in a list 38
12:47:12.498 [main] ERROR - No records found
12:47:17.253 [main] INFO  - Close Modal
12:47:17.508 [main] INFO  - Cancel Delete User
12:47:21.945 [main] INFO  - Delete user success
12:53:06.563 [main] ERROR - All fields empty
12:53:11.001 [main] ERROR - Username Required
12:53:15.357 [main] ERROR - Password Required
12:53:20.663 [main] ERROR - Invalid credentials
12:53:26.419 [main] INFO  - Login successful
12:53:34.610 [main] INFO  - Add user cancel success
12:53:43.339 [main] INFO  - Add user success.
12:53:48.720 [main] INFO  - Total items in a list: 40
12:53:52.967 [main] INFO  - Total items in a list: 1
12:53:57.533 [main] ERROR - No records found
12:54:01.998 [main] INFO  - Reset success
12:54:06.555 [main] INFO  - ****************** Showing records for Admin **********************
12:54:06.555 [main] INFO  - Total items in a list 40
12:54:11.061 [main] INFO  - ****************** Showing records for ESS **********************
12:54:11.061 [main] INFO  - Total items in a list 40
12:54:15.281 [main] INFO  - ****************** Showing records for Enabled **********************
12:54:15.281 [main] INFO  - Total items  in a list 40
12:54:19.464 [main] ERROR - No records found
12:54:24.044 [main] INFO  - ********** Showing records for admin:Admin:Enabled ***************
12:54:24.044 [main] INFO  - Total items in a list 1
12:54:28.946 [main] ERROR - No records found
12:54:48.025 [main] ERROR - No records found
15:04:14.921 [main] ERROR - All fields empty
15:04:21.414 [main] ERROR - Username Required
15:04:26.518 [main] ERROR - Password Required
15:04:33.832 [main] ERROR - Invalid credentials
15:04:43.196 [main] INFO  - Login successful
15:05:54.506 [main] ERROR - Should be at least 5 characters
15:06:01.561 [main] INFO  - Total items in a list: 48
15:06:07.319 [main] ERROR - No records found
15:06:11.998 [main] INFO  - Total items in a list: 48
15:06:55.190 [main] INFO  - ****************** Showing records for Admin **********************
15:06:55.194 [main] INFO  - Total items in a list 48
15:07:00.809 [main] INFO  - ****************** Showing records for ESS **********************
15:07:00.809 [main] INFO  - Total items in a list 48
15:07:08.280 [main] INFO  - ****************** Showing records for Enabled **********************
15:07:08.280 [main] INFO  - Total items  in a list 48
15:08:03.145 [main] ERROR - No records found
15:08:23.239 [main] INFO  - Close Modal
15:08:23.996 [main] INFO  - Cancel Delete User
15:08:28.551 [main] INFO  - Delete user success
15:09:30.986 [main] ERROR - All fields empty
15:09:36.180 [main] ERROR - Username Required
15:09:41.743 [main] ERROR - Password Required
15:09:53.419 [main] ERROR - Invalid credentials
15:10:00.352 [main] INFO  - Login successful
15:10:22.785 [main] INFO  - Add user cancel success
15:10:38.123 [main] ERROR - Should be at least 5 characters
15:10:46.745 [main] INFO  - Total items in a list: 49
15:10:54.788 [main] INFO  - Total items in a list: 1
15:11:00.209 [main] INFO  - Total items in a list: 49
15:11:07.647 [main] INFO  - Reset success
15:11:20.746 [main] INFO  - ****************** Showing records for Admin **********************
15:11:20.746 [main] INFO  - Total items in a list 13
15:11:27.554 [main] INFO  - ****************** Showing records for ESS **********************
15:11:27.554 [main] INFO  - Total items in a list 49
15:11:33.087 [main] INFO  - ****************** Showing records for Enabled **********************
15:11:33.087 [main] INFO  - Total items  in a list 50
15:11:41.803 [main] ERROR - No records found
15:12:00.973 [main] INFO  - ********** Showing records for admin:Admin:Enabled ***************
15:12:00.973 [main] INFO  - Total items in a list 1
15:12:07.180 [main] ERROR - No records found
15:12:13.090 [main] ERROR - No records found
15:13:54.410 [main] ERROR - All fields empty
15:14:01.964 [main] ERROR - Username Required
15:14:08.290 [main] ERROR - Password Required
15:14:17.394 [main] ERROR - Invalid credentials
15:14:26.748 [main] INFO  - Login successful
15:14:35.537 [main] INFO  - Add user cancel success
15:15:43.361 [main] INFO  - Total items in a list: 50
15:16:15.298 [main] ERROR - All fields empty
15:16:21.512 [main] ERROR - Username Required
15:16:26.495 [main] ERROR - Password Required
15:16:39.363 [main] ERROR - Invalid credentials
15:17:03.682 [main] INFO  - Login successful
15:17:16.736 [main] INFO  - Add user cancel success
15:17:37.280 [main] ERROR - Already exists
15:17:43.384 [main] INFO  - Total items in a list: 50
15:17:50.870 [main] INFO  - Total items in a list: 50
15:17:55.270 [main] ERROR - No records found
15:18:02.473 [main] INFO  - Reset success
15:18:09.302 [main] INFO  - ****************** Showing records for Admin **********************
15:18:09.302 [main] INFO  - Total items in a list 13
15:18:14.732 [main] INFO  - ****************** Showing records for ESS **********************
15:18:14.732 [main] INFO  - Total items in a list 50
15:18:20.285 [main] INFO  - ****************** Showing records for Enabled **********************
15:18:20.288 [main] INFO  - Total items  in a list 50
15:18:27.167 [main] ERROR - No records found
15:18:36.842 [main] INFO  - ********** Showing records for admin:Admin:Enabled ***************
15:18:36.843 [main] INFO  - Total items in a list 1
15:18:48.664 [main] ERROR - No records found
15:19:42.232 [main] ERROR - No records found
15:35:18.819 [main] ERROR - All fields empty
15:36:07.320 [main] ERROR - Password Required
15:36:13.166 [main] ERROR - Invalid credentials
15:36:19.737 [main] INFO  - Login successful
15:36:36.741 [main] INFO  - Add user cancel success
15:36:53.477 [main] ERROR - Invalid
15:37:41.229 [main] INFO  - Total items in a list: 4
15:37:51.015 [main] ERROR - No records found
15:38:03.228 [main] ERROR - No records found
15:38:34.471 [main] INFO  - ****************** Showing records for Admin **********************
15:38:34.471 [main] INFO  - Total items in a list 3
15:38:38.705 [main] INFO  - ****************** Showing records for ESS **********************
15:38:38.705 [main] INFO  - Total items in a list 1
15:38:43.922 [main] INFO  - ****************** Showing records for Enabled **********************
15:38:43.923 [main] INFO  - Total items  in a list 4
15:38:54.162 [main] ERROR - No records found
15:39:21.875 [main] INFO  - ********** Showing records for admin:Admin:Enabled ***************
15:39:21.876 [main] INFO  - Total items in a list 1
15:39:29.876 [main] ERROR - No records found
22:08:36.357 [main] ERROR - All fields empty
22:08:40.890 [main] ERROR - Username Required
22:08:45.274 [main] ERROR - Password Required
22:08:50.331 [main] ERROR - Invalid credentials
22:08:55.786 [main] INFO  - Login successful
22:09:02.652 [main] INFO  - Add user cancel success
22:09:11.175 [main] INFO  - Add user success.
22:09:15.104 [main] INFO  - Total items in a list: 45
22:09:19.122 [main] ERROR - No records found
22:09:23.055 [main] ERROR - No records found
22:09:26.698 [main] INFO  - Reset success
22:09:30.602 [main] INFO  - ****************** Showing records for Admin **********************
22:09:30.602 [main] INFO  - Total items in a list 13
22:09:34.903 [main] INFO  - ****************** Showing records for ESS **********************
22:09:34.903 [main] INFO  - Total items in a list 32
22:09:38.821 [main] INFO  - ****************** Showing records for Enabled **********************
22:09:38.822 [main] INFO  - Total items  in a list 45
22:09:42.770 [main] ERROR - No records found
22:09:47.064 [main] INFO  - ********** Showing records for admin:Admin:Enabled ***************
22:09:47.064 [main] INFO  - Total items in a list 1
22:09:51.699 [main] ERROR - No records found
22:09:55.645 [main] ERROR - No records found
22:09:59.486 [main] ERROR - No records found
22:12:06.696 [main] ERROR - All fields empty
22:12:11.121 [main] ERROR - Username Required
22:12:15.518 [main] ERROR - Password Required
22:12:20.654 [main] ERROR - Invalid credentials
22:12:26.105 [main] INFO  - Login successful
22:12:33.079 [main] INFO  - Add user cancel success
22:12:42.368 [main] INFO  - Add user success.
22:12:46.424 [main] INFO  - Total items in a list: 47
22:12:50.331 [main] ERROR - No records found
22:12:54.263 [main] ERROR - No records found
22:12:58.027 [main] INFO  - Reset success
22:13:02.032 [main] INFO  - ****************** Showing records for Admin **********************
22:13:02.032 [main] INFO  - Total items in a list 47
22:13:06.260 [main] INFO  - ****************** Showing records for ESS **********************
22:13:06.260 [main] INFO  - Total items in a list 33
22:13:10.369 [main] INFO  - ****************** Showing records for Enabled **********************
22:13:10.369 [main] INFO  - Total items  in a list 47
22:13:14.476 [main] ERROR - No records found
22:13:18.841 [main] INFO  - ********** Showing records for admin:Admin:Enabled ***************
22:13:18.841 [main] INFO  - Total items in a list 1
22:13:23.325 [main] ERROR - No records found
22:13:27.224 [main] ERROR - No records found
22:13:31.190 [main] ERROR - No records found
22:15:11.203 [main] ERROR - All fields empty
22:15:16.696 [main] ERROR - Username Required
22:15:21.151 [main] ERROR - Password Required
22:15:26.302 [main] ERROR - Invalid credentials
22:15:31.806 [main] INFO  - Login successful
22:15:38.598 [main] INFO  - Add user cancel success
22:15:45.133 [main] ERROR - Required
22:15:45.133 [main] ERROR - Required
22:15:45.149 [main] ERROR - Required
22:15:45.167 [main] ERROR - Required
22:15:45.181 [main] ERROR - Required
22:15:45.181 [main] ERROR - Required
22:15:54.080 [main] INFO  - Add user success.
22:15:58.188 [main] INFO  - Total items in a list: 48
22:16:02.344 [main] ERROR - No records found
22:16:06.383 [main] ERROR - No records found
22:16:10.106 [main] INFO  - Reset success
22:16:14.071 [main] INFO  - ****************** Showing records for Admin **********************
22:16:14.071 [main] INFO  - Total items in a list 15
22:16:18.056 [main] INFO  - ****************** Showing records for ESS **********************
22:16:18.056 [main] INFO  - Total items in a list 33
22:16:22.002 [main] INFO  - ****************** Showing records for Enabled **********************
22:16:22.002 [main] INFO  - Total items  in a list 48
22:16:25.956 [main] ERROR - No records found
22:16:30.055 [main] INFO  - ********** Showing records for admin:Admin:Enabled ***************
22:16:30.055 [main] INFO  - Total items in a list 1
22:16:34.337 [main] ERROR - No records found
22:16:38.203 [main] ERROR - No records found
22:16:42.103 [main] ERROR - No records found
22:19:12.616 [main] ERROR - All fields empty
22:19:17.118 [main] ERROR - Username Required
22:19:21.547 [main] ERROR - Password Required
22:19:26.787 [main] ERROR - Invalid credentials
22:19:32.301 [main] INFO  - Login successful
22:19:38.956 [main] INFO  - Add user cancel success
22:19:45.452 [main] ERROR - Required
22:19:45.468 [main] ERROR - Required
22:19:45.483 [main] ERROR - Required
22:19:45.485 [main] ERROR - Required
22:19:45.502 [main] ERROR - Required
22:19:45.519 [main] ERROR - Required
22:19:52.136 [main] ERROR - Required
22:19:52.151 [main] ERROR - Required
22:19:52.167 [main] ERROR - Required
22:19:52.185 [main] ERROR - Required
22:19:52.202 [main] ERROR - Required
22:20:00.732 [main] ERROR - Required
22:20:00.749 [main] ERROR - Required
22:20:00.749 [main] ERROR - Required
22:20:00.773 [main] ERROR - Required
22:20:11.472 [main] ERROR - Required
22:20:11.480 [main] ERROR - Required
22:20:11.490 [main] ERROR - Required
22:20:20.261 [main] INFO  - Add user success.
22:20:29.076 [main] INFO  - Add user success.
22:20:37.757 [main] INFO  - Add user success.
22:20:46.523 [main] ERROR - Passwords do not match
22:20:55.688 [main] INFO  - Add user success.
22:21:04.686 [main] INFO  - Add user success.
22:21:08.883 [main] INFO  - Total items in a list: 49
22:21:12.967 [main] ERROR - No records found
22:21:17.016 [main] ERROR - No records found
22:21:21.035 [main] INFO  - Reset success
22:21:25.622 [main] INFO  - ****************** Showing records for Admin **********************
22:21:25.622 [main] INFO  - Total items in a list 15
22:21:29.719 [main] INFO  - ****************** Showing records for ESS **********************
22:21:29.719 [main] INFO  - Total items in a list 34
22:21:33.709 [main] INFO  - ****************** Showing records for Enabled **********************
22:21:33.709 [main] INFO  - Total items  in a list 49
22:21:37.747 [main] ERROR - No records found
22:21:42.057 [main] INFO  - ********** Showing records for admin:Admin:Enabled ***************
22:21:42.057 [main] INFO  - Total items in a list 1
22:21:46.476 [main] ERROR - No records found
22:22:15.053 [main] ERROR - No records found
22:27:39.158 [main] ERROR - no such window: target window already closed
from unknown error: web view not found
  (Session info: chrome=117.0.5938.150)
Build info: version: '4.13.0', revision: 'ba948ece5b*'
System info: os.name: 'Windows 11', os.arch: 'amd64', os.version: '10.0', java.version: '17.0.8'
Driver info: org.openqa.selenium.chrome.ChromeDriver
Command: [22a7c667fd1f00dad0a48d119c5f6c6a, maximizeCurrentWindow {}]
Capabilities {acceptInsecureCerts: false, browserName: chrome, browserVersion: 117.0.5938.150, chrome: {chromedriverVersion: 117.0.5938.149 (e3344ddefa1..., userDataDir: C:\Users\REJAN~1.BAJ\AppDat...}, fedcm:accounts: true, goog:chromeOptions: {debuggerAddress: localhost:53638}, networkConnectionEnabled: false, pageLoadStrategy: normal, platformName: windows, proxy: Proxy(), se:cdp: ws://localhost:53638/devtoo..., se:cdpVersion: 117.0.5938.150, setWindowRect: true, strictFileInteractability: false, timeouts: {implicit: 0, pageLoad: 300000, script: 30000}, unhandledPromptBehavior: dismiss and notify, webauthn:extension:credBlob: true, webauthn:extension:largeBlob: true, webauthn:extension:minPinLength: true, webauthn:extension:prf: true, webauthn:virtualAuthenticators: true}
Session ID: 22a7c667fd1f00dad0a48d119c5f6c6a
22:27:39.302 [main] ERROR - no such window: target window already closed
from unknown error: web view not found
  (Session info: chrome=117.0.5938.150)
Build info: version: '4.13.0', revision: 'ba948ece5b*'
System info: os.name: 'Windows 11', os.arch: 'amd64', os.version: '10.0', java.version: '17.0.8'
Driver info: org.openqa.selenium.chrome.ChromeDriver
Command: [22a7c667fd1f00dad0a48d119c5f6c6a, get {url=https://opensource-demo.orangehrmlive.com/web/index.php/auth/login}]
Capabilities {acceptInsecureCerts: false, browserName: chrome, browserVersion: 117.0.5938.150, chrome: {chromedriverVersion: 117.0.5938.149 (e3344ddefa1..., userDataDir: C:\Users\REJAN~1.BAJ\AppDat...}, fedcm:accounts: true, goog:chromeOptions: {debuggerAddress: localhost:53638}, networkConnectionEnabled: false, pageLoadStrategy: normal, platformName: windows, proxy: Proxy(), se:cdp: ws://localhost:53638/devtoo..., se:cdpVersion: 117.0.5938.150, setWindowRect: true, strictFileInteractability: false, timeouts: {implicit: 0, pageLoad: 300000, script: 30000}, unhandledPromptBehavior: dismiss and notify, webauthn:extension:credBlob: true, webauthn:extension:largeBlob: true, webauthn:extension:minPinLength: true, webauthn:extension:prf: true, webauthn:virtualAuthenticators: true}
Session ID: 22a7c667fd1f00dad0a48d119c5f6c6a
22:27:39.336 [main] ERROR - no such window: target window already closed
from unknown error: web view not found
  (Session info: chrome=117.0.5938.150)
Build info: version: '4.13.0', revision: 'ba948ece5b*'
System info: os.name: 'Windows 11', os.arch: 'amd64', os.version: '10.0', java.version: '17.0.8'
Driver info: org.openqa.selenium.chrome.ChromeDriver
Command: [22a7c667fd1f00dad0a48d119c5f6c6a, get {url=https://opensource-demo.orangehrmlive.com/web/index.php/auth/login}]
Capabilities {acceptInsecureCerts: false, browserName: chrome, browserVersion: 117.0.5938.150, chrome: {chromedriverVersion: 117.0.5938.149 (e3344ddefa1..., userDataDir: C:\Users\REJAN~1.BAJ\AppDat...}, fedcm:accounts: true, goog:chromeOptions: {debuggerAddress: localhost:53638}, networkConnectionEnabled: false, pageLoadStrategy: normal, platformName: windows, proxy: Proxy(), se:cdp: ws://localhost:53638/devtoo..., se:cdpVersion: 117.0.5938.150, setWindowRect: true, strictFileInteractability: false, timeouts: {implicit: 0, pageLoad: 300000, script: 30000}, unhandledPromptBehavior: dismiss and notify, webauthn:extension:credBlob: true, webauthn:extension:largeBlob: true, webauthn:extension:minPinLength: true, webauthn:extension:prf: true, webauthn:virtualAuthenticators: true}
Session ID: 22a7c667fd1f00dad0a48d119c5f6c6a
22:27:39.381 [main] ERROR - no such window: target window already closed
from unknown error: web view not found
  (Session info: chrome=117.0.5938.150)
Build info: version: '4.13.0', revision: 'ba948ece5b*'
System info: os.name: 'Windows 11', os.arch: 'amd64', os.version: '10.0', java.version: '17.0.8'
Driver info: org.openqa.selenium.chrome.ChromeDriver
Command: [22a7c667fd1f00dad0a48d119c5f6c6a, get {url=https://opensource-demo.orangehrmlive.com/web/index.php/auth/login}]
Capabilities {acceptInsecureCerts: false, browserName: chrome, browserVersion: 117.0.5938.150, chrome: {chromedriverVersion: 117.0.5938.149 (e3344ddefa1..., userDataDir: C:\Users\REJAN~1.BAJ\AppDat...}, fedcm:accounts: true, goog:chromeOptions: {debuggerAddress: localhost:53638}, networkConnectionEnabled: false, pageLoadStrategy: normal, platformName: windows, proxy: Proxy(), se:cdp: ws://localhost:53638/devtoo..., se:cdpVersion: 117.0.5938.150, setWindowRect: true, strictFileInteractability: false, timeouts: {implicit: 0, pageLoad: 300000, script: 30000}, unhandledPromptBehavior: dismiss and notify, webauthn:extension:credBlob: true, webauthn:extension:largeBlob: true, webauthn:extension:minPinLength: true, webauthn:extension:prf: true, webauthn:virtualAuthenticators: true}
Session ID: 22a7c667fd1f00dad0a48d119c5f6c6a
22:27:39.432 [main] ERROR - no such window: target window already closed
from unknown error: web view not found
  (Session info: chrome=117.0.5938.150)
Build info: version: '4.13.0', revision: 'ba948ece5b*'
System info: os.name: 'Windows 11', os.arch: 'amd64', os.version: '10.0', java.version: '17.0.8'
Driver info: org.openqa.selenium.chrome.ChromeDriver
Command: [22a7c667fd1f00dad0a48d119c5f6c6a, get {url=https://opensource-demo.orangehrmlive.com/web/index.php/auth/login}]
Capabilities {acceptInsecureCerts: false, browserName: chrome, browserVersion: 117.0.5938.150, chrome: {chromedriverVersion: 117.0.5938.149 (e3344ddefa1..., userDataDir: C:\Users\REJAN~1.BAJ\AppDat...}, fedcm:accounts: true, goog:chromeOptions: {debuggerAddress: localhost:53638}, networkConnectionEnabled: false, pageLoadStrategy: normal, platformName: windows, proxy: Proxy(), se:cdp: ws://localhost:53638/devtoo..., se:cdpVersion: 117.0.5938.150, setWindowRect: true, strictFileInteractability: false, timeouts: {implicit: 0, pageLoad: 300000, script: 30000}, unhandledPromptBehavior: dismiss and notify, webauthn:extension:credBlob: true, webauthn:extension:largeBlob: true, webauthn:extension:minPinLength: true, webauthn:extension:prf: true, webauthn:virtualAuthenticators: true}
Session ID: 22a7c667fd1f00dad0a48d119c5f6c6a
22:27:39.458 [main] ERROR - no such window: target window already closed
from unknown error: web view not found
  (Session info: chrome=117.0.5938.150)
Build info: version: '4.13.0', revision: 'ba948ece5b*'
System info: os.name: 'Windows 11', os.arch: 'amd64', os.version: '10.0', java.version: '17.0.8'
Driver info: org.openqa.selenium.chrome.ChromeDriver
Command: [22a7c667fd1f00dad0a48d119c5f6c6a, get {url=https://opensource-demo.orangehrmlive.com/web/index.php/auth/login}]
Capabilities {acceptInsecureCerts: false, browserName: chrome, browserVersion: 117.0.5938.150, chrome: {chromedriverVersion: 117.0.5938.149 (e3344ddefa1..., userDataDir: C:\Users\REJAN~1.BAJ\AppDat...}, fedcm:accounts: true, goog:chromeOptions: {debuggerAddress: localhost:53638}, networkConnectionEnabled: false, pageLoadStrategy: normal, platformName: windows, proxy: Proxy(), se:cdp: ws://localhost:53638/devtoo..., se:cdpVersion: 117.0.5938.150, setWindowRect: true, strictFileInteractability: false, timeouts: {implicit: 0, pageLoad: 300000, script: 30000}, unhandledPromptBehavior: dismiss and notify, webauthn:extension:credBlob: true, webauthn:extension:largeBlob: true, webauthn:extension:minPinLength: true, webauthn:extension:prf: true, webauthn:virtualAuthenticators: true}
Session ID: 22a7c667fd1f00dad0a48d119c5f6c6a
22:29:10.102 [main] ERROR - All fields empty
22:29:14.552 [main] ERROR - Username Required
22:29:18.951 [main] ERROR - Password Required
22:29:24.136 [main] ERROR - Invalid credentials
22:29:29.662 [main] INFO  - Login successful
22:29:36.527 [main] INFO  - Add user cancel success
22:29:43.087 [main] ERROR - Required
22:29:43.101 [main] ERROR - Required
22:29:43.118 [main] ERROR - Required
22:29:43.118 [main] ERROR - Required
22:29:43.136 [main] ERROR - Required
22:29:43.152 [main] ERROR - Required
22:29:49.817 [main] ERROR - Required
22:29:49.828 [main] ERROR - Required
22:29:49.839 [main] ERROR - Required
22:29:49.850 [main] ERROR - Required
22:29:49.850 [main] ERROR - Required
22:29:58.403 [main] ERROR - Required
22:29:58.412 [main] ERROR - Required
22:29:58.424 [main] ERROR - Required
22:29:58.434 [main] ERROR - Required
22:30:07.012 [main] ERROR - Required
22:30:07.014 [main] ERROR - Required
22:30:07.032 [main] ERROR - Required
22:30:17.911 [main] INFO  - Add user success.
22:30:29.041 [main] INFO  - Add user success.
22:30:40.599 [main] ERROR - Passwords do not match
22:30:52.355 [main] INFO  - Add user success.
22:31:04.222 [main] INFO  - Add user success.
22:31:08.330 [main] INFO  - Total items in a list: 50
22:31:12.298 [main] ERROR - No records found
22:31:16.266 [main] ERROR - No records found
22:31:19.982 [main] INFO  - Reset success
22:31:24.687 [main] INFO  - ****************** Showing records for Admin **********************
22:31:24.687 [main] INFO  - Total items in a list 17
22:31:28.844 [main] INFO  - ****************** Showing records for ESS **********************
22:31:28.844 [main] INFO  - Total items in a list 34
22:31:32.901 [main] INFO  - ****************** Showing records for Enabled **********************
22:31:32.901 [main] INFO  - Total items  in a list 50
22:31:36.962 [main] ERROR - No records found
22:31:41.677 [main] INFO  - ********** Showing records for admin:Admin:Enabled ***************
22:31:41.677 [main] INFO  - Total items in a list 1
22:31:46.296 [main] ERROR - No records found
22:31:50.292 [main] ERROR - No records found
22:31:54.269 [main] ERROR - No records found
